2024-03-26 00:02:24.7556|0|DEBUG|Program|init main |url: |action: 
2024-03-26 00:02:25.4594|14|INFO|Microsoft.Hosting.Lifetime|Now listening on: https://localhost:7091 |url: |action: 
2024-03-26 00:02:25.4594|14|INFO|Microsoft.Hosting.Lifetime|Now listening on: http://localhost:5247 |url: |action: 
2024-03-26 00:02:25.4594|0|INFO|Microsoft.Hosting.Lifetime|Application started. Press Ctrl+C to shut down. |url: |action: 
2024-03-26 00:02:25.4594|0|INFO|Microsoft.Hosting.Lifetime|Hosting environment: Development |url: |action: 
2024-03-26 00:02:25.4594|0|INFO|Microsoft.Hosting.Lifetime|Content root path: D:\.NetCoreProjects\MVC.DemoProject\MVC.DemoProject |url: |action: 
2024-03-26 00:05:10.9532|0|DEBUG|Program|init main |url: |action: 
2024-03-26 00:05:12.1422|14|INFO|Microsoft.Hosting.Lifetime|Now listening on: https://localhost:7091 |url: |action: 
2024-03-26 00:05:12.1513|14|INFO|Microsoft.Hosting.Lifetime|Now listening on: http://localhost:5247 |url: |action: 
2024-03-26 00:05:12.1513|0|INFO|Microsoft.Hosting.Lifetime|Application started. Press Ctrl+C to shut down. |url: |action: 
2024-03-26 00:05:12.1513|0|INFO|Microsoft.Hosting.Lifetime|Hosting environment: Development |url: |action: 
2024-03-26 00:05:12.1513|0|INFO|Microsoft.Hosting.Lifetime|Content root path: D:\.NetCoreProjects\MVC.DemoProject\MVC.DemoProject |url: |action: 
2024-03-26 00:12:44.3869|0|DEBUG|Program|init main |url: |action: 
2024-03-26 00:12:45.1892|14|INFO|Microsoft.Hosting.Lifetime|Now listening on: https://localhost:7091 |url: |action: 
2024-03-26 00:12:45.1930|14|INFO|Microsoft.Hosting.Lifetime|Now listening on: http://localhost:5247 |url: |action: 
2024-03-26 00:12:45.1930|0|INFO|Microsoft.Hosting.Lifetime|Application started. Press Ctrl+C to shut down. |url: |action: 
2024-03-26 00:12:45.1930|0|INFO|Microsoft.Hosting.Lifetime|Hosting environment: Development |url: |action: 
2024-03-26 00:12:45.1930|0|INFO|Microsoft.Hosting.Lifetime|Content root path: D:\.NetCoreProjects\MVC.DemoProject\MVC.DemoProject |url: |action: 
2024-03-26 00:13:53.0404|0|DEBUG|Program|init main |url: |action: 
2024-03-26 00:13:53.1911|0|ERROR|Program|Stopped program because of exception Microsoft.Extensions.Hosting.HostAbortedException: The host was aborted.
   at Microsoft.Extensions.Hosting.HostFactoryResolver.HostingListener.ThrowHostAborted()
   at Microsoft.Extensions.Hosting.HostFactoryResolver.HostingListener.OnNext(KeyValuePair`2 value)
   at System.Diagnostics.DiagnosticListener.Write(String name, Object value)
   at Microsoft.Extensions.Hosting.HostBuilder.ResolveHost(IServiceProvider serviceProvider, DiagnosticListener diagnosticListener)
   at Microsoft.Extensions.Hosting.HostApplicationBuilder.Build()
   at Microsoft.AspNetCore.Builder.WebApplicationBuilder.Build()
   at Program.<Main>$(String[] args)|url: |action: 
2024-03-26 00:13:57.5581|0|DEBUG|Program|init main |url: |action: 
2024-03-26 00:13:58.1965|14|INFO|Microsoft.Hosting.Lifetime|Now listening on: https://localhost:7091 |url: |action: 
2024-03-26 00:13:58.1965|14|INFO|Microsoft.Hosting.Lifetime|Now listening on: http://localhost:5247 |url: |action: 
2024-03-26 00:13:58.1965|0|INFO|Microsoft.Hosting.Lifetime|Application started. Press Ctrl+C to shut down. |url: |action: 
2024-03-26 00:13:58.1965|0|INFO|Microsoft.Hosting.Lifetime|Hosting environment: Development |url: |action: 
2024-03-26 00:13:58.1965|0|INFO|Microsoft.Hosting.Lifetime|Content root path: D:\.NetCoreProjects\MVC.DemoProject\MVC.DemoProject |url: |action: 
2024-03-26 00:14:37.1470|0|DEBUG|Program|init main |url: |action: 
2024-03-26 00:14:37.8212|14|INFO|Microsoft.Hosting.Lifetime|Now listening on: https://localhost:7091 |url: |action: 
2024-03-26 00:14:37.8212|14|INFO|Microsoft.Hosting.Lifetime|Now listening on: http://localhost:5247 |url: |action: 
2024-03-26 00:14:37.8212|0|INFO|Microsoft.Hosting.Lifetime|Application started. Press Ctrl+C to shut down. |url: |action: 
2024-03-26 00:14:37.8212|0|INFO|Microsoft.Hosting.Lifetime|Hosting environment: Development |url: |action: 
2024-03-26 00:14:37.8212|0|INFO|Microsoft.Hosting.Lifetime|Content root path: D:\.NetCoreProjects\MVC.DemoProject\MVC.DemoProject |url: |action: 
2024-03-26 00:20:42.8339|0|DEBUG|Program|init main |url: |action: 
2024-03-26 00:20:43.4284|14|INFO|Microsoft.Hosting.Lifetime|Now listening on: https://localhost:7091 |url: |action: 
2024-03-26 00:20:43.4284|14|INFO|Microsoft.Hosting.Lifetime|Now listening on: http://localhost:5247 |url: |action: 
2024-03-26 00:20:43.4284|0|INFO|Microsoft.Hosting.Lifetime|Application started. Press Ctrl+C to shut down. |url: |action: 
2024-03-26 00:20:43.4284|0|INFO|Microsoft.Hosting.Lifetime|Hosting environment: Development |url: |action: 
2024-03-26 00:20:43.4284|0|INFO|Microsoft.Hosting.Lifetime|Content root path: D:\.NetCoreProjects\MVC.DemoProject\MVC.DemoProject |url: |action: 
2024-03-26 00:27:39.1809|0|DEBUG|Program|init main |url: |action: 
2024-03-26 00:27:40.0317|14|INFO|Microsoft.Hosting.Lifetime|Now listening on: https://localhost:7091 |url: |action: 
2024-03-26 00:27:40.0317|14|INFO|Microsoft.Hosting.Lifetime|Now listening on: http://localhost:5247 |url: |action: 
2024-03-26 00:27:40.0317|0|INFO|Microsoft.Hosting.Lifetime|Application started. Press Ctrl+C to shut down. |url: |action: 
2024-03-26 00:27:40.0317|0|INFO|Microsoft.Hosting.Lifetime|Hosting environment: Development |url: |action: 
2024-03-26 00:27:40.0362|0|INFO|Microsoft.Hosting.Lifetime|Content root path: D:\.NetCoreProjects\MVC.DemoProject\MVC.DemoProject |url: |action: 
2024-03-26 00:42:25.2123|0|DEBUG|Program|init main |url: |action: 
2024-03-26 00:42:26.9080|14|INFO|Microsoft.Hosting.Lifetime|Now listening on: https://localhost:7091 |url: |action: 
2024-03-26 00:42:26.9132|14|INFO|Microsoft.Hosting.Lifetime|Now listening on: http://localhost:5247 |url: |action: 
2024-03-26 00:42:26.9132|0|INFO|Microsoft.Hosting.Lifetime|Application started. Press Ctrl+C to shut down. |url: |action: 
2024-03-26 00:42:26.9132|0|INFO|Microsoft.Hosting.Lifetime|Hosting environment: Development |url: |action: 
2024-03-26 00:42:26.9132|0|INFO|Microsoft.Hosting.Lifetime|Content root path: D:\.NetCoreProjects\MVC.DemoProject\MVC.DemoProject |url: |action: 
2024-03-26 00:42:52.5893|0|DEBUG|Program|init main |url: |action: 
2024-03-26 00:42:53.2673|14|INFO|Microsoft.Hosting.Lifetime|Now listening on: https://localhost:7091 |url: |action: 
2024-03-26 00:42:53.2714|14|INFO|Microsoft.Hosting.Lifetime|Now listening on: http://localhost:5247 |url: |action: 
2024-03-26 00:42:53.2714|0|INFO|Microsoft.Hosting.Lifetime|Application started. Press Ctrl+C to shut down. |url: |action: 
2024-03-26 00:42:53.2714|0|INFO|Microsoft.Hosting.Lifetime|Hosting environment: Development |url: |action: 
2024-03-26 00:42:53.2714|0|INFO|Microsoft.Hosting.Lifetime|Content root path: D:\.NetCoreProjects\MVC.DemoProject\MVC.DemoProject |url: |action: 
2024-03-26 00:45:14.8738|1|ERROR|Microsoft.AspNetCore.Diagnostics.DeveloperExceptionPageMiddleware|An unhandled exception has occurred while executing the request. System.MissingMethodException: Attempted to invoke a deleted method implementation. This can happen when a method is deleted or its name or signature is changed while the application is running.
   at MVC.DemoProject.Data.ApplicationDbContext.set_Products(DbSet`1 value)
   at Microsoft.EntityFrameworkCore.Internal.DbSetInitializer.InitializeSets(DbContext context)
   at Microsoft.EntityFrameworkCore.DbContext..ctor(DbContextOptions options)
   at Microsoft.AspNetCore.Identity.EntityFrameworkCore.IdentityUserContext`5..ctor(DbContextOptions options)
   at Microsoft.AspNetCore.Identity.EntityFrameworkCore.IdentityDbContext`8..ctor(DbContextOptions options)
   at Microsoft.AspNetCore.Identity.EntityFrameworkCore.IdentityDbContext`3..ctor(DbContextOptions options)
   at Microsoft.AspNetCore.Identity.EntityFrameworkCore.IdentityDbContext`1..ctor(DbContextOptions options)
   at MVC.DemoProject.Data.ApplicationDbContext..ctor(DbContextOptions`1 options)
   at ResolveService(ILEmitResolverBuilderRuntimeContext, ServiceProviderEngineScope)
   at ResolveService(ILEmitResolverBuilderRuntimeContext, ServiceProviderEngineScope)
   at ResolveService(ILEmitResolverBuilderRuntimeContext, ServiceProviderEngineScope)
   at ResolveService(ILEmitResolverBuilderRuntimeContext, ServiceProviderEngineScope)
   at ResolveService(ILEmitResolverBuilderRuntimeContext, ServiceProviderEngineScope)
   at Microsoft.Extensions.DependencyInjection.ServiceProviderServiceExtensions.GetRequiredService(IServiceProvider provider, Type serviceType)
   at Microsoft.Extensions.DependencyInjection.ServiceProviderServiceExtensions.GetRequiredService[T](IServiceProvider provider)
   at Microsoft.AspNetCore.Identity.SecurityStampValidator.ValidateAsync[TValidator](CookieValidatePrincipalContext context)
   at Microsoft.AspNetCore.Authentication.Cookies.CookieAuthenticationHandler.HandleAuthenticateAsync()
   at Microsoft.AspNetCore.Authentication.AuthenticationHandler`1.AuthenticateAsync()
   at Microsoft.AspNetCore.Authentication.AuthenticationService.AuthenticateAsync(HttpContext context, String scheme)
   at Microsoft.AspNetCore.Authentication.AuthenticationMiddleware.Invoke(HttpContext context)
   at Microsoft.AspNetCore.Diagnostics.DeveloperExceptionPageMiddlewareImpl.Invoke(HttpContext context)|url: https://localhost/Image|action: 
2024-03-26 00:45:59.9481|0|DEBUG|Program|init main |url: |action: 
2024-03-26 00:46:00.6436|14|INFO|Microsoft.Hosting.Lifetime|Now listening on: https://localhost:7091 |url: |action: 
2024-03-26 00:46:00.6476|14|INFO|Microsoft.Hosting.Lifetime|Now listening on: http://localhost:5247 |url: |action: 
2024-03-26 00:46:00.6476|0|INFO|Microsoft.Hosting.Lifetime|Application started. Press Ctrl+C to shut down. |url: |action: 
2024-03-26 00:46:00.6476|0|INFO|Microsoft.Hosting.Lifetime|Hosting environment: Development |url: |action: 
2024-03-26 00:46:00.6476|0|INFO|Microsoft.Hosting.Lifetime|Content root path: D:\.NetCoreProjects\MVC.DemoProject\MVC.DemoProject |url: |action: 
2024-03-26 00:47:27.1032|0|DEBUG|Program|init main |url: |action: 
2024-03-26 00:47:28.5794|14|INFO|Microsoft.Hosting.Lifetime|Now listening on: https://localhost:7091 |url: |action: 
2024-03-26 00:47:28.5838|14|INFO|Microsoft.Hosting.Lifetime|Now listening on: http://localhost:5247 |url: |action: 
2024-03-26 00:47:28.5838|0|INFO|Microsoft.Hosting.Lifetime|Application started. Press Ctrl+C to shut down. |url: |action: 
2024-03-26 00:47:28.5838|0|INFO|Microsoft.Hosting.Lifetime|Hosting environment: Development |url: |action: 
2024-03-26 00:47:28.5838|0|INFO|Microsoft.Hosting.Lifetime|Content root path: D:\.NetCoreProjects\MVC.DemoProject\MVC.DemoProject |url: |action: 
2024-03-26 00:56:08.2113|0|DEBUG|Program|init main |url: |action: 
2024-03-26 00:56:09.0107|14|INFO|Microsoft.Hosting.Lifetime|Now listening on: https://localhost:7091 |url: |action: 
2024-03-26 00:56:09.0107|14|INFO|Microsoft.Hosting.Lifetime|Now listening on: http://localhost:5247 |url: |action: 
2024-03-26 00:56:09.0210|0|INFO|Microsoft.Hosting.Lifetime|Application started. Press Ctrl+C to shut down. |url: |action: 
2024-03-26 00:56:09.0210|0|INFO|Microsoft.Hosting.Lifetime|Hosting environment: Development |url: |action: 
2024-03-26 00:56:09.0210|0|INFO|Microsoft.Hosting.Lifetime|Content root path: D:\.NetCoreProjects\MVC.DemoProject\MVC.DemoProject |url: |action: 
2024-03-26 00:56:38.6394|0|DEBUG|Program|init main |url: |action: 
2024-03-26 00:56:39.2772|14|INFO|Microsoft.Hosting.Lifetime|Now listening on: https://localhost:7091 |url: |action: 
2024-03-26 00:56:39.2772|14|INFO|Microsoft.Hosting.Lifetime|Now listening on: http://localhost:5247 |url: |action: 
2024-03-26 00:56:39.2772|0|INFO|Microsoft.Hosting.Lifetime|Application started. Press Ctrl+C to shut down. |url: |action: 
2024-03-26 00:56:39.2772|0|INFO|Microsoft.Hosting.Lifetime|Hosting environment: Development |url: |action: 
2024-03-26 00:56:39.2772|0|INFO|Microsoft.Hosting.Lifetime|Content root path: D:\.NetCoreProjects\MVC.DemoProject\MVC.DemoProject |url: |action: 
2024-03-26 00:58:53.2908|0|DEBUG|Program|init main |url: |action: 
2024-03-26 00:58:53.9950|14|INFO|Microsoft.Hosting.Lifetime|Now listening on: https://localhost:7091 |url: |action: 
2024-03-26 00:58:53.9950|14|INFO|Microsoft.Hosting.Lifetime|Now listening on: http://localhost:5247 |url: |action: 
2024-03-26 00:58:53.9950|0|INFO|Microsoft.Hosting.Lifetime|Application started. Press Ctrl+C to shut down. |url: |action: 
2024-03-26 00:58:53.9950|0|INFO|Microsoft.Hosting.Lifetime|Hosting environment: Development |url: |action: 
2024-03-26 00:58:53.9950|0|INFO|Microsoft.Hosting.Lifetime|Content root path: D:\.NetCoreProjects\MVC.DemoProject\MVC.DemoProject |url: |action: 
2024-03-26 01:17:14.9742|0|DEBUG|Program|init main |url: |action: 
2024-03-26 01:17:15.9194|14|INFO|Microsoft.Hosting.Lifetime|Now listening on: https://localhost:7091 |url: |action: 
2024-03-26 01:17:15.9194|14|INFO|Microsoft.Hosting.Lifetime|Now listening on: http://localhost:5247 |url: |action: 
2024-03-26 01:17:15.9194|0|INFO|Microsoft.Hosting.Lifetime|Application started. Press Ctrl+C to shut down. |url: |action: 
2024-03-26 01:17:15.9194|0|INFO|Microsoft.Hosting.Lifetime|Hosting environment: Development |url: |action: 
2024-03-26 01:17:15.9194|0|INFO|Microsoft.Hosting.Lifetime|Content root path: D:\.NetCoreProjects\MVC.DemoProject\MVC.DemoProject |url: |action: 
2024-03-26 02:11:13.4281|0|DEBUG|Program|init main |url: |action: 
2024-03-26 02:11:14.9706|14|INFO|Microsoft.Hosting.Lifetime|Now listening on: https://localhost:7091 |url: |action: 
2024-03-26 02:11:14.9779|14|INFO|Microsoft.Hosting.Lifetime|Now listening on: http://localhost:5247 |url: |action: 
2024-03-26 02:11:14.9779|0|INFO|Microsoft.Hosting.Lifetime|Application started. Press Ctrl+C to shut down. |url: |action: 
2024-03-26 02:11:14.9779|0|INFO|Microsoft.Hosting.Lifetime|Hosting environment: Development |url: |action: 
2024-03-26 02:11:14.9779|0|INFO|Microsoft.Hosting.Lifetime|Content root path: D:\.NetCoreProjects\MVC.DemoProject\MVC.DemoProject |url: |action: 
2024-03-26 02:11:43.0051|0|INFO|MVC.DemoProject.Areas.Identity.Pages.Account.LogoutModel|User logged out. |url: https://localhost/Identity/Account/Logout|action: 
2024-03-26 02:12:20.2451|0|INFO|MVC.DemoProject.Areas.Identity.Pages.Account.LoginModel|User logged in. |url: https://localhost/Identity/Account/Login|action: 
2024-03-26 02:12:32.1932|0|INFO|MVC.DemoProject.Areas.Identity.Pages.Account.Manage.DeletePersonalDataModel|User with ID 'df3fcc66-038e-469e-865f-a9b634f4b921' deleted themselves. |url: https://localhost/Identity/Account/Manage/DeletePersonalData|action: 
2024-03-26 02:12:39.5697|0|INFO|MVC.DemoProject.Areas.Identity.Pages.Account.ExternalLoginModel|User created an account using Google provider. |url: https://localhost/Identity/Account/ExternalLogin|action: 
2024-03-26 02:22:00.2866|0|INFO|MVC.DemoProject.Areas.Identity.Pages.Account.ExternalLoginModel|User created an account using Google provider. |url: https://localhost/Identity/Account/ExternalLogin|action: 
2024-03-26 02:22:59.3959|0|INFO|MVC.DemoProject.Areas.Identity.Pages.Account.RegisterModel|User created a new account with password. |url: https://localhost/Identity/Account/Register|action: 
2024-03-26 02:23:20.3846|0|INFO|MVC.DemoProject.Areas.Identity.Pages.Account.LoginModel|User logged in. |url: https://localhost/Identity/Account/Login|action: 
2024-03-26 02:33:57.3331|0|INFO|MVC.DemoProject.Areas.Identity.Pages.Account.LogoutModel|User logged out. |url: https://localhost/Identity/Account/Logout|action: 
2024-03-26 02:34:04.4655|0|INFO|MVC.DemoProject.Areas.Identity.Pages.Account.ExternalLoginModel|User created an account using Google provider. |url: https://localhost/Identity/Account/ExternalLogin|action: 
2024-03-26 02:35:20.5561|0|DEBUG|Program|init main |url: |action: 
2024-03-26 02:35:22.8861|14|INFO|Microsoft.Hosting.Lifetime|Now listening on: https://localhost:7091 |url: |action: 
2024-03-26 02:35:22.8861|14|INFO|Microsoft.Hosting.Lifetime|Now listening on: http://localhost:5247 |url: |action: 
2024-03-26 02:35:22.8861|0|INFO|Microsoft.Hosting.Lifetime|Application started. Press Ctrl+C to shut down. |url: |action: 
2024-03-26 02:35:22.8861|0|INFO|Microsoft.Hosting.Lifetime|Hosting environment: Development |url: |action: 
2024-03-26 02:35:22.8861|0|INFO|Microsoft.Hosting.Lifetime|Content root path: D:\.NetCoreProjects\MVC.DemoProject\MVC.DemoProject |url: |action: 
2024-03-26 02:36:01.9273|0|INFO|MVC.DemoProject.Areas.Identity.Pages.Account.ExternalLoginModel|User created an account using Google provider. |url: https://localhost/Identity/Account/ExternalLogin|action: 
2024-03-26 02:36:25.4756|0|INFO|MVC.DemoProject.Areas.Identity.Pages.Account.ExternalLoginModel|User created an account using Google provider. |url: https://localhost/Identity/Account/ExternalLogin|action: 
2024-03-26 02:37:43.5384|0|INFO|MVC.DemoProject.Areas.Identity.Pages.Account.ExternalLoginModel|User created an account using Google provider. |url: https://localhost/Identity/Account/ExternalLogin|action: 
2024-03-26 02:38:56.6538|0|DEBUG|Program|init main |url: |action: 
2024-03-26 02:39:00.9169|14|INFO|Microsoft.Hosting.Lifetime|Now listening on: https://localhost:7091 |url: |action: 
2024-03-26 02:39:00.9169|14|INFO|Microsoft.Hosting.Lifetime|Now listening on: http://localhost:5247 |url: |action: 
2024-03-26 02:39:00.9169|0|INFO|Microsoft.Hosting.Lifetime|Application started. Press Ctrl+C to shut down. |url: |action: 
2024-03-26 02:39:00.9169|0|INFO|Microsoft.Hosting.Lifetime|Hosting environment: Development |url: |action: 
2024-03-26 02:39:00.9169|0|INFO|Microsoft.Hosting.Lifetime|Content root path: D:\.NetCoreProjects\MVC.DemoProject\MVC.DemoProject |url: |action: 
2024-03-26 02:41:06.7232|0|DEBUG|Program|init main |url: |action: 
2024-03-26 02:41:09.3984|14|INFO|Microsoft.Hosting.Lifetime|Now listening on: https://localhost:7091 |url: |action: 
2024-03-26 02:41:09.3984|14|INFO|Microsoft.Hosting.Lifetime|Now listening on: http://localhost:5247 |url: |action: 
2024-03-26 02:41:09.3984|0|INFO|Microsoft.Hosting.Lifetime|Application started. Press Ctrl+C to shut down. |url: |action: 
2024-03-26 02:41:09.3984|0|INFO|Microsoft.Hosting.Lifetime|Hosting environment: Development |url: |action: 
2024-03-26 02:41:09.3984|0|INFO|Microsoft.Hosting.Lifetime|Content root path: D:\.NetCoreProjects\MVC.DemoProject\MVC.DemoProject |url: |action: 
2024-03-26 03:27:17.2445|0|DEBUG|Program|init main |url: |action: 
2024-03-26 03:27:19.1607|14|INFO|Microsoft.Hosting.Lifetime|Now listening on: https://localhost:7091 |url: |action: 
2024-03-26 03:27:19.1684|14|INFO|Microsoft.Hosting.Lifetime|Now listening on: http://localhost:5247 |url: |action: 
2024-03-26 03:27:19.1684|0|INFO|Microsoft.Hosting.Lifetime|Application started. Press Ctrl+C to shut down. |url: |action: 
2024-03-26 03:27:19.1684|0|INFO|Microsoft.Hosting.Lifetime|Hosting environment: Development |url: |action: 
2024-03-26 03:27:19.1684|0|INFO|Microsoft.Hosting.Lifetime|Content root path: D:\.NetCoreProjects\MVC.DemoProject\MVC.DemoProject |url: |action: 
2024-03-26 03:28:19.9288|0|DEBUG|Program|init main |url: |action: 
2024-03-26 03:28:22.3807|14|INFO|Microsoft.Hosting.Lifetime|Now listening on: https://localhost:7091 |url: |action: 
2024-03-26 03:28:22.3807|14|INFO|Microsoft.Hosting.Lifetime|Now listening on: http://localhost:5247 |url: |action: 
2024-03-26 03:28:22.3807|0|INFO|Microsoft.Hosting.Lifetime|Application started. Press Ctrl+C to shut down. |url: |action: 
2024-03-26 03:28:22.3807|0|INFO|Microsoft.Hosting.Lifetime|Hosting environment: Development |url: |action: 
2024-03-26 03:28:22.3807|0|INFO|Microsoft.Hosting.Lifetime|Content root path: D:\.NetCoreProjects\MVC.DemoProject\MVC.DemoProject |url: |action: 
2024-03-26 03:28:34.8499|0|INFO|MVC.DemoProject.Areas.Identity.Pages.Account.ExternalLoginModel|User created an account using Google provider. |url: https://localhost/Identity/Account/ExternalLogin|action: 
2024-03-26 03:28:51.5835|0|INFO|MVC.DemoProject.Areas.Identity.Pages.Account.ExternalLoginModel|Usama Suhaib logged in with Google provider. |url: https://localhost/Identity/Account/ExternalLogin|action: 
2024-03-26 03:29:13.5063|0|INFO|MVC.DemoProject.Areas.Identity.Pages.Account.LogoutModel|User logged out. |url: https://localhost/Identity/Account/Logout|action: 
2024-03-26 03:29:53.5856|0|INFO|MVC.DemoProject.Areas.Identity.Pages.Account.ExternalLoginModel|Usama Suhaib logged in with Google provider. |url: https://localhost/Identity/Account/ExternalLogin|action: 
2024-03-26 03:30:58.6211|0|INFO|MVC.DemoProject.Areas.Identity.Pages.Account.LogoutModel|User logged out. |url: https://localhost/Identity/Account/Logout|action: 
2024-03-26 03:31:30.6003|0|INFO|MVC.DemoProject.Areas.Identity.Pages.Account.ExternalLoginModel|Usama Suhaib logged in with Google provider. |url: https://localhost/Identity/Account/ExternalLogin|action: 
2024-03-26 03:37:46.7778|0|INFO|MVC.DemoProject.Areas.Identity.Pages.Account.LogoutModel|User logged out. |url: https://localhost/Identity/Account/Logout|action: 
2024-03-26 03:38:51.7185|0|DEBUG|Program|init main |url: |action: 
2024-03-26 03:38:52.8899|14|INFO|Microsoft.Hosting.Lifetime|Now listening on: https://localhost:7091 |url: |action: 
2024-03-26 03:38:52.8899|14|INFO|Microsoft.Hosting.Lifetime|Now listening on: http://localhost:5247 |url: |action: 
2024-03-26 03:38:52.8953|0|INFO|Microsoft.Hosting.Lifetime|Application started. Press Ctrl+C to shut down. |url: |action: 
2024-03-26 03:38:52.8953|0|INFO|Microsoft.Hosting.Lifetime|Hosting environment: Development |url: |action: 
2024-03-26 03:38:52.8953|0|INFO|Microsoft.Hosting.Lifetime|Content root path: D:\.NetCoreProjects\MVC.DemoProject\MVC.DemoProject |url: |action: 
2024-03-26 03:39:51.3505|0|INFO|MVC.DemoProject.Areas.Identity.Pages.Account.ExternalLoginModel|Usama Suhaib logged in with Google provider. |url: https://localhost/Identity/Account/ExternalLogin|action: 
